Virtual User Script started at: 21.05.2020 15:45:20
Starting action vuser_init.
Web Turbo Replay of LoadRunner 12.55.0 for Windows 10; build 911 (июл 24 2017 19:46:00)  	[MsgId: MMSG-26983]
Run mode: HTML  	[MsgId: MMSG-26993]
Replay user agent: Mozilla/5.0 (Windows NT 6.1; WOW64; rv:36.0) Gecko/20100101 Firefox/36.0  	[MsgId: MMSG-26988]
Run-Time Settings file: "E:\aiteco\lessons\lesson_01\Task_03\DCB_UC02_Create_payment_order\\default.cfg"  	[MsgId: MMSG-27141]
Ending action vuser_init.
Running Vuser...
Starting iteration 1.
Maximum number of concurrent connections per server: 2  	[MsgId: MMSG-26989]
Starting action Action.
Action.c(6): Notify: Saving Parameter "UC = DCB_UC02".
login.c(3): Notify: Transaction "{UC}_01_Загрузка_главной_страницы" started.
login.c(3): Error: NV only support the ASCII characters, your transaction name does not meet the rule.
login.c(5): web_url("login.html") started  	[MsgId: MMSG-26355]
login.c(5): Warning: The string 'balancedHost' with parameter delimiters is not a parameter.
login.c(5): Error -27794: Could not resolve address of host {balancedhost}  	[MsgId: MERR-27794]
login.c(5): web_url("login.html") highest severity level was "ERROR", 0 body bytes, 0 header bytes  	[MsgId: MMSG-26388]
login.c(5): Notify: Transaction "{UC}_01_Загрузка_главной_страницы" ended with a "Fail" status (Duration: 0.2423 Wasted Time: 0.1990).
login.c(5): Notify: Transaction "{UC}_01_Загрузка_главной_страницы" has 1 error message(s).
login.c(5): Notify: The 1st error message associated with transaction "{UC}_01_Загрузка_главной_страницы" is "Error -27794: Could not resolve address of host {balancedhost}"
login.c(5): Warning: The transaction '{UC}_01_Загрузка_главной_страницы' is not started on NV transaction manager.
Ending action Action.
Ending iteration 1.
Ending Vuser...
Starting action vuser_end.
Ending action vuser_end.
Vuser Terminated.
Vuser 0 (thread 8328), ended OK."
