Notify: Initialized Dynamic Filter API for Network Virtualization emulation.	[MsgId: MMSG-56949]
Start auto log messages stack - Iteration 1.	[MsgId: MMSG-10545]
Action.c(110): Resource "http://pagead2.googlesyndication.com/pagead/js/adsbygoogle.js" is in the cache already and will not be downloaded again  	[MsgId: MMSG-26655]
Action.c(110): Resource "http://slovardalja.net/img/endpic.jpg" is in the cache already and will not be downloaded again  	[MsgId: MMSG-26655]
Action.c(110): Resource "http://cdn-rtb.sape.ru/teasers/js/471/2/53471.js" is in the cache already and will not be downloaded again  	[MsgId: MMSG-26655]
Action.c(110): Resource "http://pagead2.googlesyndication.com/pagead/show_ads.js" is in the cache already and will not be downloaded again  	[MsgId: MMSG-26655]
Action.c(110): Resource "http://www.google-analytics.com/urchin.js" is in the cache already and will not be downloaded again  	[MsgId: MMSG-26655]
Action.c(110): Error -26377: No match found for the requested parameter "word_znachenie". Either the specified boundaries were not found in the response or the matched text is longer than current max html parameter size of 256 bytes. The total length of the response is 2719 bytes. You can use "web_set_max_html_param_len" to increase the max parameter size.  	[MsgId: MERR-26377]
End auto log messages stack.	[MsgId: MMSG-10544]


Start auto log messages stack - Iteration 2.	[MsgId: MMSG-10545]
Action.c(110): Resource "http://pagead2.googlesyndication.com/pagead/js/adsbygoogle.js" is in the cache already and will not be downloaded again  	[MsgId: MMSG-26655]
Action.c(110): Resource "http://slovardalja.net/img/endpic.jpg" is in the cache already and will not be downloaded again  	[MsgId: MMSG-26655]
Action.c(110): Resource "http://cdn-rtb.sape.ru/teasers/js/471/2/53471.js" is in the cache already and will not be downloaded again  	[MsgId: MMSG-26655]
Action.c(110): Resource "http://pagead2.googlesyndication.com/pagead/show_ads.js" is in the cache already and will not be downloaded again  	[MsgId: MMSG-26655]
Action.c(110): Resource "http://www.google-analytics.com/urchin.js" is in the cache already and will not be downloaded again  	[MsgId: MMSG-26655]
Action.c(110): Error -26377: No match found for the requested parameter "word_znachenie". Either the specified boundaries were not found in the response or the matched text is longer than current max html parameter size of 256 bytes. The total length of the response is 2719 bytes. You can use "web_set_max_html_param_len" to increase the max parameter size.  	[MsgId: MERR-26377]
End auto log messages stack.	[MsgId: MMSG-10544]


Start auto log messages stack - Iteration 1.	[MsgId: MMSG-10545]
Action.c(110): Resource "http://pagead2.googlesyndication.com/pagead/js/adsbygoogle.js" is in the cache already and will not be downloaded again  	[MsgId: MMSG-26655]
Action.c(110): Resource "http://slovardalja.net/img/endpic.jpg" is in the cache already and will not be downloaded again  	[MsgId: MMSG-26655]
Action.c(110): Resource "http://cdn-rtb.sape.ru/teasers/js/471/2/53471.js" is in the cache already and will not be downloaded again  	[MsgId: MMSG-26655]
Action.c(110): Resource "http://pagead2.googlesyndication.com/pagead/show_ads.js" is in the cache already and will not be downloaded again  	[MsgId: MMSG-26655]
Action.c(110): Resource "http://www.google-analytics.com/urchin.js" is in the cache already and will not be downloaded again  	[MsgId: MMSG-26655]
Action.c(110): Error -26377: No match found for the requested parameter "word_znachenie". Either the specified boundaries were not found in the response or the matched text is longer than current max html parameter size of 256 bytes. The total length of the response is 2433 bytes. You can use "web_set_max_html_param_len" to increase the max parameter size.  	[MsgId: MERR-26377]
End auto log messages stack.	[MsgId: MMSG-10544]


Start auto log messages stack - Iteration 1.	[MsgId: MMSG-10545]
Action.c(110): Resource "http://pagead2.googlesyndication.com/pagead/js/adsbygoogle.js" is in the cache already and will not be downloaded again  	[MsgId: MMSG-26655]
Action.c(110): Resource "http://slovardalja.net/img/endpic.jpg" is in the cache already and will not be downloaded again  	[MsgId: MMSG-26655]
Action.c(110): Resource "http://cdn-rtb.sape.ru/teasers/js/471/2/53471.js" is in the cache already and will not be downloaded again  	[MsgId: MMSG-26655]
Action.c(110): Resource "http://pagead2.googlesyndication.com/pagead/show_ads.js" is in the cache already and will not be downloaded again  	[MsgId: MMSG-26655]
Action.c(110): Resource "http://www.google-analytics.com/urchin.js" is in the cache already and will not be downloaded again  	[MsgId: MMSG-26655]
Action.c(110): Error -26377: No match found for the requested parameter "word_znachenie". Either the specified boundaries were not found in the response or the matched text is longer than current max html parameter size of 256 bytes. The total length of the response is 2611 bytes. You can use "web_set_max_html_param_len" to increase the max parameter size.  	[MsgId: MERR-26377]
End auto log messages stack.	[MsgId: MMSG-10544]


Start auto log messages stack - Iteration 3.	[MsgId: MMSG-10545]
Action.c(110): Resource "http://pagead2.googlesyndication.com/pagead/js/adsbygoogle.js" is in the cache already and will not be downloaded again  	[MsgId: MMSG-26655]
Action.c(110): Resource "http://slovardalja.net/img/endpic.jpg" is in the cache already and will not be downloaded again  	[MsgId: MMSG-26655]
Action.c(110): Resource "http://cdn-rtb.sape.ru/teasers/js/471/2/53471.js" is in the cache already and will not be downloaded again  	[MsgId: MMSG-26655]
Action.c(110): Resource "http://pagead2.googlesyndication.com/pagead/show_ads.js" is in the cache already and will not be downloaded again  	[MsgId: MMSG-26655]
Action.c(110): Resource "http://www.google-analytics.com/urchin.js" is in the cache already and will not be downloaded again  	[MsgId: MMSG-26655]
Action.c(110): Error -26377: No match found for the requested parameter "word_znachenie". Either the specified boundaries were not found in the response or the matched text is longer than current max html parameter size of 256 bytes. The total length of the response is 2719 bytes. You can use "web_set_max_html_param_len" to increase the max parameter size.  	[MsgId: MERR-26377]
End auto log messages stack.	[MsgId: MMSG-10544]


Start auto log messages stack - Iteration 2.	[MsgId: MMSG-10545]
Action.c(110): Resource "http://pagead2.googlesyndication.com/pagead/js/adsbygoogle.js" is in the cache already and will not be downloaded again  	[MsgId: MMSG-26655]
Action.c(110): Resource "http://slovardalja.net/img/endpic.jpg" is in the cache already and will not be downloaded again  	[MsgId: MMSG-26655]
Action.c(110): Resource "http://cdn-rtb.sape.ru/teasers/js/471/2/53471.js" is in the cache already and will not be downloaded again  	[MsgId: MMSG-26655]
Action.c(110): Resource "http://pagead2.googlesyndication.com/pagead/show_ads.js" is in the cache already and will not be downloaded again  	[MsgId: MMSG-26655]
Action.c(110): Resource "http://www.google-analytics.com/urchin.js" is in the cache already and will not be downloaded again  	[MsgId: MMSG-26655]
Action.c(110): Error -26377: No match found for the requested parameter "word_znachenie". Either the specified boundaries were not found in the response or the matched text is longer than current max html parameter size of 256 bytes. The total length of the response is 2433 bytes. You can use "web_set_max_html_param_len" to increase the max parameter size.  	[MsgId: MERR-26377]
End auto log messages stack.	[MsgId: MMSG-10544]


Start auto log messages stack - Iteration 2.	[MsgId: MMSG-10545]
Action.c(110): Resource "http://pagead2.googlesyndication.com/pagead/js/adsbygoogle.js" is in the cache already and will not be downloaded again  	[MsgId: MMSG-26655]
Action.c(110): Resource "http://slovardalja.net/img/endpic.jpg" is in the cache already and will not be downloaded again  	[MsgId: MMSG-26655]
Action.c(110): Resource "http://cdn-rtb.sape.ru/teasers/js/471/2/53471.js" is in the cache already and will not be downloaded again  	[MsgId: MMSG-26655]
Action.c(110): Resource "http://pagead2.googlesyndication.com/pagead/show_ads.js" is in the cache already and will not be downloaded again  	[MsgId: MMSG-26655]
Action.c(110): Resource "http://www.google-analytics.com/urchin.js" is in the cache already and will not be downloaded again  	[MsgId: MMSG-26655]
Action.c(110): Error -26377: No match found for the requested parameter "word_znachenie". Either the specified boundaries were not found in the response or the matched text is longer than current max html parameter size of 256 bytes. The total length of the response is 2611 bytes. You can use "web_set_max_html_param_len" to increase the max parameter size.  	[MsgId: MERR-26377]
End auto log messages stack.	[MsgId: MMSG-10544]


Start auto log messages stack - Iteration 4.	[MsgId: MMSG-10545]
Action.c(110): Resource "http://pagead2.googlesyndication.com/pagead/js/adsbygoogle.js" is in the cache already and will not be downloaded again  	[MsgId: MMSG-26655]
Action.c(110): Resource "http://slovardalja.net/img/endpic.jpg" is in the cache already and will not be downloaded again  	[MsgId: MMSG-26655]
Action.c(110): Resource "http://cdn-rtb.sape.ru/teasers/js/471/2/53471.js" is in the cache already and will not be downloaded again  	[MsgId: MMSG-26655]
Action.c(110): Resource "http://pagead2.googlesyndication.com/pagead/show_ads.js" is in the cache already and will not be downloaded again  	[MsgId: MMSG-26655]
Action.c(110): Resource "http://www.google-analytics.com/urchin.js" is in the cache already and will not be downloaded again  	[MsgId: MMSG-26655]
Action.c(110): Error -26377: No match found for the requested parameter "word_znachenie". Either the specified boundaries were not found in the response or the matched text is longer than current max html parameter size of 256 bytes. The total length of the response is 2719 bytes. You can use "web_set_max_html_param_len" to increase the max parameter size.  	[MsgId: MERR-26377]
End auto log messages stack.	[MsgId: MMSG-10544]


Start auto log messages stack - Iteration 3.	[MsgId: MMSG-10545]
Action.c(110): Resource "http://pagead2.googlesyndication.com/pagead/js/adsbygoogle.js" is in the cache already and will not be downloaded again  	[MsgId: MMSG-26655]
Action.c(110): Resource "http://slovardalja.net/img/endpic.jpg" is in the cache already and will not be downloaded again  	[MsgId: MMSG-26655]
Action.c(110): Resource "http://cdn-rtb.sape.ru/teasers/js/471/2/53471.js" is in the cache already and will not be downloaded again  	[MsgId: MMSG-26655]
Action.c(110): Resource "http://pagead2.googlesyndication.com/pagead/show_ads.js" is in the cache already and will not be downloaded again  	[MsgId: MMSG-26655]
Action.c(110): Resource "http://www.google-analytics.com/urchin.js" is in the cache already and will not be downloaded again  	[MsgId: MMSG-26655]
Action.c(110): Error -26377: No match found for the requested parameter "word_znachenie". Either the specified boundaries were not found in the response or the matched text is longer than current max html parameter size of 256 bytes. The total length of the response is 2433 bytes. You can use "web_set_max_html_param_len" to increase the max parameter size.  	[MsgId: MERR-26377]
End auto log messages stack.	[MsgId: MMSG-10544]


Start auto log messages stack - Iteration 1.	[MsgId: MMSG-10545]
Action.c(110): Resource "http://pagead2.googlesyndication.com/pagead/js/adsbygoogle.js" is in the cache already and will not be downloaded again  	[MsgId: MMSG-26655]
Action.c(110): Resource "http://slovardalja.net/img/endpic.jpg" is in the cache already and will not be downloaded again  	[MsgId: MMSG-26655]
Action.c(110): Resource "http://cdn-rtb.sape.ru/teasers/js/471/2/53471.js" is in the cache already and will not be downloaded again  	[MsgId: MMSG-26655]
Action.c(110): Resource "http://pagead2.googlesyndication.com/pagead/show_ads.js" is in the cache already and will not be downloaded again  	[MsgId: MMSG-26655]
Action.c(110): Resource "http://www.google-analytics.com/urchin.js" is in the cache already and will not be downloaded again  	[MsgId: MMSG-26655]
Action.c(110): Error -26377: No match found for the requested parameter "word_znachenie". Either the specified boundaries were not found in the response or the matched text is longer than current max html parameter size of 256 bytes. The total length of the response is 2749 bytes. You can use "web_set_max_html_param_len" to increase the max parameter size.  	[MsgId: MERR-26377]
End auto log messages stack.	[MsgId: MMSG-10544]


Start auto log messages stack - Iteration 3.	[MsgId: MMSG-10545]
Action.c(110): Resource "http://pagead2.googlesyndication.com/pagead/js/adsbygoogle.js" is in the cache already and will not be downloaded again  	[MsgId: MMSG-26655]
Action.c(110): Resource "http://slovardalja.net/img/endpic.jpg" is in the cache already and will not be downloaded again  	[MsgId: MMSG-26655]
Action.c(110): Resource "http://cdn-rtb.sape.ru/teasers/js/471/2/53471.js" is in the cache already and will not be downloaded again  	[MsgId: MMSG-26655]
Action.c(110): Resource "http://pagead2.googlesyndication.com/pagead/show_ads.js" is in the cache already and will not be downloaded again  	[MsgId: MMSG-26655]
Action.c(110): Resource "http://www.google-analytics.com/urchin.js" is in the cache already and will not be downloaded again  	[MsgId: MMSG-26655]
Action.c(110): Error -26377: No match found for the requested parameter "word_znachenie". Either the specified boundaries were not found in the response or the matched text is longer than current max html parameter size of 256 bytes. The total length of the response is 2611 bytes. You can use "web_set_max_html_param_len" to increase the max parameter size.  	[MsgId: MERR-26377]
End auto log messages stack.	[MsgId: MMSG-10544]


Start auto log messages stack - Iteration 5.	[MsgId: MMSG-10545]
Action.c(110): Resource "http://pagead2.googlesyndication.com/pagead/js/adsbygoogle.js" is in the cache already and will not be downloaded again  	[MsgId: MMSG-26655]
Action.c(110): Resource "http://slovardalja.net/img/endpic.jpg" is in the cache already and will not be downloaded again  	[MsgId: MMSG-26655]
Action.c(110): Resource "http://cdn-rtb.sape.ru/teasers/js/471/2/53471.js" is in the cache already and will not be downloaded again  	[MsgId: MMSG-26655]
Action.c(110): Resource "http://pagead2.googlesyndication.com/pagead/show_ads.js" is in the cache already and will not be downloaded again  	[MsgId: MMSG-26655]
Action.c(110): Resource "http://www.google-analytics.com/urchin.js" is in the cache already and will not be downloaded again  	[MsgId: MMSG-26655]
Action.c(110): Error -26377: No match found for the requested parameter "word_znachenie". Either the specified boundaries were not found in the response or the matched text is longer than current max html parameter size of 256 bytes. The total length of the response is 2719 bytes. You can use "web_set_max_html_param_len" to increase the max parameter size.  	[MsgId: MERR-26377]
End auto log messages stack.	[MsgId: MMSG-10544]


Start auto log messages stack - Iteration 1.	[MsgId: MMSG-10545]
Action.c(110): Resource "http://pagead2.googlesyndication.com/pagead/js/adsbygoogle.js" is in the cache already and will not be downloaded again  	[MsgId: MMSG-26655]
Action.c(110): Resource "http://slovardalja.net/img/endpic.jpg" is in the cache already and will not be downloaded again  	[MsgId: MMSG-26655]
Action.c(110): Resource "http://cdn-rtb.sape.ru/teasers/js/471/2/53471.js" is in the cache already and will not be downloaded again  	[MsgId: MMSG-26655]
Action.c(110): Resource "http://pagead2.googlesyndication.com/pagead/show_ads.js" is in the cache already and will not be downloaded again  	[MsgId: MMSG-26655]
Action.c(110): Resource "http://www.google-analytics.com/urchin.js" is in the cache already and will not be downloaded again  	[MsgId: MMSG-26655]
Action.c(110): Error -26377: No match found for the requested parameter "word_znachenie". Either the specified boundaries were not found in the response or the matched text is longer than current max html parameter size of 256 bytes. The total length of the response is 2531 bytes. You can use "web_set_max_html_param_len" to increase the max parameter size.  	[MsgId: MERR-26377]
End auto log messages stack.	[MsgId: MMSG-10544]


Start auto log messages stack - Iteration 4.	[MsgId: MMSG-10545]
Action.c(110): Resource "http://pagead2.googlesyndication.com/pagead/js/adsbygoogle.js" is in the cache already and will not be downloaded again  	[MsgId: MMSG-26655]
Action.c(110): Resource "http://slovardalja.net/img/endpic.jpg" is in the cache already and will not be downloaded again  	[MsgId: MMSG-26655]
Action.c(110): Resource "http://cdn-rtb.sape.ru/teasers/js/471/2/53471.js" is in the cache already and will not be downloaded again  	[MsgId: MMSG-26655]
Action.c(110): Resource "http://pagead2.googlesyndication.com/pagead/show_ads.js" is in the cache already and will not be downloaded again  	[MsgId: MMSG-26655]
Action.c(110): Resource "http://www.google-analytics.com/urchin.js" is in the cache already and will not be downloaded again  	[MsgId: MMSG-26655]
Action.c(110): Error -26377: No match found for the requested parameter "word_znachenie". Either the specified boundaries were not found in the response or the matched text is longer than current max html parameter size of 256 bytes. The total length of the response is 2433 bytes. You can use "web_set_max_html_param_len" to increase the max parameter size.  	[MsgId: MERR-26377]
End auto log messages stack.	[MsgId: MMSG-10544]


Notify: The Network Virtualization Emulation Dynamic Filter API was closed.	[MsgId: MMSG-56945]
